{"level":"info","msg":"TestInfo","time":"2018-08-30T11:05:34+02:00"}
{"level":"info","msg":"TestInfo","time":"2018-08-30T11:07:18+02:00"}
{"level":"info","msg":"TestPrint","time":"2018-08-30T11:09:12+02:00"}
{"level":"info","msg":"TestInfo","time":"2018-08-30T11:09:12+02:00"}
{"level":"warning","msg":"TestWarn","time":"2018-08-30T11:09:12+02:00"}
{"level":"error","msg":"TestError","time":"2018-08-30T11:09:12+02:00"}
{"level":"info","msg":"TestPrint","time":"2018-08-30T11:09:57+02:00"}
{"level":"info","msg":"TestInfo","time":"2018-08-30T11:09:57+02:00"}
{"level":"warning","msg":"TestWarn","time":"2018-08-30T11:09:57+02:00"}
{"level":"error","msg":"TestError","time":"2018-08-30T11:09:57+02:00"}
{"level":"info","msg":"TestDone","time":"2018-08-30T11:09:57+02:00"}
{"level":"error","msg":"TestFail","time":"2018-08-30T11:09:57+02:00"}
{"level":"info","msg":"TestPrintInfo","time":"2018-08-30T11:12:23+02:00"}
{"level":"warning","msg":"TestPrintWarn","time":"2018-08-30T11:12:23+02:00"}
{"level":"error","msg":"TestPrintError","time":"2018-08-30T11:12:23+02:00"}
{"level":"info","msg":"TestInfo","time":"2018-08-30T11:12:23+02:00"}
{"level":"warning","msg":"TestWarn","time":"2018-08-30T11:12:23+02:00"}
{"level":"error","msg":"TestError","time":"2018-08-30T11:12:23+02:00"}
{"level":"info","msg":"TestDone","time":"2018-08-30T11:12:23+02:00"}
{"level":"error","msg":"TestFail","time":"2018-08-30T11:12:23+02:00"}
{"level":"info","msg":"TestPrintInfo","time":"2018-08-30T11:13:53+02:00"}
{"level":"warning","msg":"TestPrintWarn","time":"2018-08-30T11:13:53+02:00"}
{"level":"error","msg":"TestPrintError","time":"2018-08-30T11:13:53+02:00"}
{"level":"info","msg":"TestInfo","time":"2018-08-30T11:13:53+02:00"}
{"level":"warning","msg":"TestWarn","time":"2018-08-30T11:13:53+02:00"}
{"level":"error","msg":"TestError","time":"2018-08-30T11:13:53+02:00"}
{"level":"info","msg":"TestDone","time":"2018-08-30T11:13:53+02:00"}
{"level":"error","msg":"TestFail","time":"2018-08-30T11:13:53+02:00"}
{"level":"info","msg":"TestPrintInfof","time":"2018-08-30T11:13:53+02:00"}
{"level":"warning","msg":"TestPrintWarnf","time":"2018-08-30T11:13:53+02:00"}
{"level":"error","msg":"TestPrintErrorf","time":"2018-08-30T11:13:53+02:00"}
{"level":"info","msg":"TestInfof","time":"2018-08-30T11:13:53+02:00"}
{"level":"warning","msg":"TestWarnf","time":"2018-08-30T11:13:53+02:00"}
{"level":"error","msg":"TestErrorf","time":"2018-08-30T11:13:53+02:00"}
{"level":"info","msg":"TestDonef","time":"2018-08-30T11:13:53+02:00"}
{"level":"error","msg":"TestFailf","time":"2018-08-30T11:13:53+02:00"}
{"level":"info","msg":"TestPrintInfo","time":"2018-08-30T11:17:39+02:00"}
{"level":"warning","msg":"TestPrintWarn","time":"2018-08-30T11:17:39+02:00"}
{"level":"error","msg":"TestPrintError","time":"2018-08-30T11:17:39+02:00"}
{"level":"info","msg":"TestInfo","time":"2018-08-30T11:17:39+02:00"}
{"level":"warning","msg":"TestWarn","time":"2018-08-30T11:17:39+02:00"}
{"level":"error","msg":"TestError","time":"2018-08-30T11:17:39+02:00"}
{"level":"info","msg":"TestDone","time":"2018-08-30T11:17:39+02:00"}
{"level":"error","msg":"TestFail","time":"2018-08-30T11:17:39+02:00"}
{"level":"info","msg":"TestPrintInfof","time":"2018-08-30T11:17:39+02:00"}
{"level":"warning","msg":"TestPrintWarnf","time":"2018-08-30T11:17:39+02:00"}
{"level":"error","msg":"TestPrintErrorf","time":"2018-08-30T11:17:39+02:00"}
{"level":"info","msg":"TestInfof","time":"2018-08-30T11:17:39+02:00"}
{"level":"warning","msg":"TestWarnf","time":"2018-08-30T11:17:39+02:00"}
{"level":"error","msg":"TestErrorf","time":"2018-08-30T11:17:39+02:00"}
{"level":"info","msg":"TestDonef","time":"2018-08-30T11:17:39+02:00"}
{"level":"error","msg":"TestFailf","time":"2018-08-30T11:17:39+02:00"}
{"level":"info","msg":"TestPrintInfo","time":"2018-08-30T11:19:03+02:00"}
{"level":"warning","msg":"TestPrintWarn","time":"2018-08-30T11:19:03+02:00"}
{"level":"error","msg":"TestPrintError","time":"2018-08-30T11:19:03+02:00"}
{"level":"info","msg":"TestInfo","time":"2018-08-30T11:19:03+02:00"}
{"level":"warning","msg":"TestWarn","time":"2018-08-30T11:19:03+02:00"}
{"level":"error","msg":"TestError","time":"2018-08-30T11:19:03+02:00"}
{"level":"info","msg":"TestDone","time":"2018-08-30T11:19:03+02:00"}
{"level":"error","msg":"TestFail","time":"2018-08-30T11:19:03+02:00"}
{"level":"info","msg":"TestPrintInfof","time":"2018-08-30T11:19:03+02:00"}
{"level":"warning","msg":"TestPrintWarnf","time":"2018-08-30T11:19:03+02:00"}
{"level":"error","msg":"TestPrintErrorf","time":"2018-08-30T11:19:03+02:00"}
{"level":"info","msg":"TestInfof","time":"2018-08-30T11:19:03+02:00"}
{"level":"warning","msg":"TestWarnf","time":"2018-08-30T11:19:03+02:00"}
{"level":"error","msg":"TestErrorf","time":"2018-08-30T11:19:03+02:00"}
{"level":"info","msg":"TestDonef","time":"2018-08-30T11:19:03+02:00"}
{"level":"error","msg":"TestFailf","time":"2018-08-30T11:19:03+02:00"}
{"context-0":"SomeContext","level":"info","msg":"TestWith","time":"2018-08-30T11:19:03+02:00"}
{"level":"info","msg":"TestPrintInfo","time":"2018-08-30T11:21:50+02:00"}
{"level":"warning","msg":"TestPrintWarn","time":"2018-08-30T11:21:50+02:00"}
{"level":"error","msg":"TestPrintError","time":"2018-08-30T11:21:50+02:00"}
{"level":"info","msg":"TestInfo","time":"2018-08-30T11:21:50+02:00"}
{"level":"warning","msg":"TestWarn","time":"2018-08-30T11:21:50+02:00"}
{"level":"error","msg":"TestError","time":"2018-08-30T11:21:50+02:00"}
{"level":"info","msg":"TestDone","time":"2018-08-30T11:21:50+02:00"}
{"level":"error","msg":"TestFail","time":"2018-08-30T11:21:50+02:00"}
{"level":"info","msg":"TestPrintInfof","time":"2018-08-30T11:21:50+02:00"}
{"level":"warning","msg":"TestPrintWarnf","time":"2018-08-30T11:21:50+02:00"}
{"level":"error","msg":"TestPrintErrorf","time":"2018-08-30T11:21:50+02:00"}
{"level":"info","msg":"TestInfof","time":"2018-08-30T11:21:50+02:00"}
{"level":"warning","msg":"TestWarnf","time":"2018-08-30T11:21:50+02:00"}
{"level":"error","msg":"TestErrorf","time":"2018-08-30T11:21:50+02:00"}
{"level":"info","msg":"TestDonef","time":"2018-08-30T11:21:50+02:00"}
{"level":"error","msg":"TestFailf","time":"2018-08-30T11:21:50+02:00"}
{"context-0":"SomeContext","level":"info","msg":"TestWith","time":"2018-08-30T11:21:50+02:00"}
{"level":"info","msg":"TestPrintInfo","time":"2018-08-30T11:25:33+02:00"}
{"level":"warning","msg":"TestPrintWarn","time":"2018-08-30T11:25:33+02:00"}
{"level":"error","msg":"TestPrintError","time":"2018-08-30T11:25:33+02:00"}
{"level":"info","msg":"TestInfo","time":"2018-08-30T11:25:33+02:00"}
{"level":"warning","msg":"TestWarn","time":"2018-08-30T11:25:33+02:00"}
{"level":"error","msg":"TestError","time":"2018-08-30T11:25:33+02:00"}
{"level":"info","msg":"TestDone","time":"2018-08-30T11:25:33+02:00"}
{"level":"error","msg":"TestFail","time":"2018-08-30T11:25:33+02:00"}
{"level":"info","msg":"TestPrintInfof","time":"2018-08-30T11:25:33+02:00"}
{"level":"warning","msg":"TestPrintWarnf","time":"2018-08-30T11:25:33+02:00"}
{"level":"error","msg":"TestPrintErrorf","time":"2018-08-30T11:25:33+02:00"}
{"level":"info","msg":"TestInfof","time":"2018-08-30T11:25:33+02:00"}
{"level":"warning","msg":"TestWarnf","time":"2018-08-30T11:25:33+02:00"}
{"level":"error","msg":"TestErrorf","time":"2018-08-30T11:25:33+02:00"}
{"level":"info","msg":"TestDonef","time":"2018-08-30T11:25:33+02:00"}
{"level":"error","msg":"TestFailf","time":"2018-08-30T11:25:33+02:00"}
{"context-0":"SomeContext","level":"info","msg":"TestWith","time":"2018-08-30T11:25:33+02:00"}
{"level":"info","msg":"TestPrintInfo","time":"2018-08-30T11:26:32+02:00"}
{"level":"warning","msg":"TestPrintWarn","time":"2018-08-30T11:26:32+02:00"}
{"level":"error","msg":"TestPrintError","time":"2018-08-30T11:26:32+02:00"}
{"level":"info","msg":"TestInfo","time":"2018-08-30T11:26:32+02:00"}
{"level":"warning","msg":"TestWarn","time":"2018-08-30T11:26:32+02:00"}
{"level":"error","msg":"TestError","time":"2018-08-30T11:26:32+02:00"}
{"level":"info","msg":"TestDone","time":"2018-08-30T11:26:32+02:00"}
{"level":"error","msg":"TestFail","time":"2018-08-30T11:26:32+02:00"}
{"level":"info","msg":"TestPrintInfof","time":"2018-08-30T11:26:32+02:00"}
{"level":"warning","msg":"TestPrintWarnf","time":"2018-08-30T11:26:32+02:00"}
{"level":"error","msg":"TestPrintErrorf","time":"2018-08-30T11:26:32+02:00"}
{"level":"info","msg":"TestInfof","time":"2018-08-30T11:26:32+02:00"}
{"level":"warning","msg":"TestWarnf","time":"2018-08-30T11:26:32+02:00"}
{"level":"error","msg":"TestErrorf","time":"2018-08-30T11:26:32+02:00"}
{"level":"info","msg":"TestDonef","time":"2018-08-30T11:26:32+02:00"}
{"level":"error","msg":"TestFailf","time":"2018-08-30T11:26:32+02:00"}
{"context-0":"SomeContext","level":"info","msg":"TestWith","time":"2018-08-30T11:26:32+02:00"}
{"level":"info","msg":"TestPrintInfo","time":"2018-08-30T11:29:24+02:00"}
{"level":"warning","msg":"TestPrintWarn","time":"2018-08-30T11:29:24+02:00"}
{"level":"error","msg":"TestPrintError","time":"2018-08-30T11:29:24+02:00"}
{"level":"info","msg":"TestInfo","time":"2018-08-30T11:29:24+02:00"}
{"level":"warning","msg":"TestWarn","time":"2018-08-30T11:29:24+02:00"}
{"level":"error","msg":"TestError","time":"2018-08-30T11:29:24+02:00"}
{"level":"info","msg":"TestDone","time":"2018-08-30T11:29:24+02:00"}
{"level":"error","msg":"TestFail","time":"2018-08-30T11:29:24+02:00"}
{"level":"info","msg":"TestPrintInfof","time":"2018-08-30T11:29:24+02:00"}
{"level":"warning","msg":"TestPrintWarnf","time":"2018-08-30T11:29:24+02:00"}
{"level":"error","msg":"TestPrintErrorf","time":"2018-08-30T11:29:24+02:00"}
{"level":"info","msg":"TestInfof","time":"2018-08-30T11:29:24+02:00"}
{"level":"warning","msg":"TestWarnf","time":"2018-08-30T11:29:24+02:00"}
{"level":"error","msg":"TestErrorf","time":"2018-08-30T11:29:24+02:00"}
{"level":"info","msg":"TestDonef","time":"2018-08-30T11:29:24+02:00"}
{"level":"error","msg":"TestFailf","time":"2018-08-30T11:29:24+02:00"}
{"context-0":"SomeContext","level":"info","msg":"TestWith","time":"2018-08-30T11:29:24+02:00"}
{"level":"info","msg":"TestPrintInfo","time":"2018-08-30T11:35:59+02:00"}
{"level":"warning","msg":"TestPrintWarn","time":"2018-08-30T11:35:59+02:00"}
{"level":"error","msg":"TestPrintError","time":"2018-08-30T11:35:59+02:00"}
{"level":"info","msg":"TestInfo","time":"2018-08-30T11:35:59+02:00"}
{"level":"warning","msg":"TestWarn","time":"2018-08-30T11:35:59+02:00"}
{"level":"error","msg":"TestError","time":"2018-08-30T11:35:59+02:00"}
{"level":"info","msg":"TestDone","time":"2018-08-30T11:35:59+02:00"}
{"level":"error","msg":"TestFail","time":"2018-08-30T11:35:59+02:00"}
{"level":"info","msg":"TestPrintInfof","time":"2018-08-30T11:35:59+02:00"}
{"level":"warning","msg":"TestPrintWarnf","time":"2018-08-30T11:35:59+02:00"}
{"level":"error","msg":"TestPrintErrorf","time":"2018-08-30T11:35:59+02:00"}
{"level":"info","msg":"TestInfof","time":"2018-08-30T11:35:59+02:00"}
{"level":"warning","msg":"TestWarnf","time":"2018-08-30T11:35:59+02:00"}
{"level":"error","msg":"TestErrorf","time":"2018-08-30T11:35:59+02:00"}
{"level":"info","msg":"TestDonef","time":"2018-08-30T11:35:59+02:00"}
{"level":"error","msg":"TestFailf","time":"2018-08-30T11:35:59+02:00"}
{"context-0":"SomeContext","level":"info","msg":"TestWith","time":"2018-08-30T11:35:59+02:00"}
{"level":"info","msg":"TestPrintInfo","time":"2018-08-30T11:45:08+02:00"}
{"level":"warning","msg":"TestPrintWarn","time":"2018-08-30T11:45:08+02:00"}
{"level":"error","msg":"TestPrintError","time":"2018-08-30T11:45:08+02:00"}
{"level":"info","msg":"TestInfo","time":"2018-08-30T11:45:08+02:00"}
{"level":"warning","msg":"TestWarn","time":"2018-08-30T11:45:08+02:00"}
{"level":"error","msg":"TestError","time":"2018-08-30T11:45:08+02:00"}
{"level":"info","msg":"TestDone","time":"2018-08-30T11:45:08+02:00"}
{"level":"error","msg":"TestFail","time":"2018-08-30T11:45:08+02:00"}
{"level":"info","msg":"TestPrintInfof","time":"2018-08-30T11:45:08+02:00"}
{"level":"warning","msg":"TestPrintWarnf","time":"2018-08-30T11:45:08+02:00"}
{"level":"error","msg":"TestPrintErrorf","time":"2018-08-30T11:45:08+02:00"}
{"level":"info","msg":"TestInfof","time":"2018-08-30T11:45:08+02:00"}
{"level":"warning","msg":"TestWarnf","time":"2018-08-30T11:45:08+02:00"}
{"level":"error","msg":"TestErrorf","time":"2018-08-30T11:45:08+02:00"}
{"level":"info","msg":"TestDonef","time":"2018-08-30T11:45:08+02:00"}
{"level":"error","msg":"TestFailf","time":"2018-08-30T11:45:08+02:00"}
{"context-0":"SomeContext","level":"info","msg":"TestWith","time":"2018-08-30T11:45:08+02:00"}
{"level":"info","msg":"TestPrintInfo","time":"2018-08-30T11:50:10+02:00"}
{"level":"warning","msg":"TestPrintWarn","time":"2018-08-30T11:50:10+02:00"}
{"level":"error","msg":"TestPrintError","time":"2018-08-30T11:50:10+02:00"}
{"level":"info","msg":"TestInfo","time":"2018-08-30T11:50:10+02:00"}
{"level":"warning","msg":"TestWarn","time":"2018-08-30T11:50:10+02:00"}
{"level":"error","msg":"TestError","time":"2018-08-30T11:50:10+02:00"}
{"level":"info","msg":"TestDone","time":"2018-08-30T11:50:10+02:00"}
{"level":"error","msg":"TestFail","time":"2018-08-30T11:50:10+02:00"}
{"level":"info","msg":"TestPrintInfof","time":"2018-08-30T11:50:10+02:00"}
{"level":"warning","msg":"TestPrintWarnf","time":"2018-08-30T11:50:10+02:00"}
{"level":"error","msg":"TestPrintErrorf","time":"2018-08-30T11:50:10+02:00"}
{"level":"info","msg":"TestInfof","time":"2018-08-30T11:50:10+02:00"}
{"level":"warning","msg":"TestWarnf","time":"2018-08-30T11:50:10+02:00"}
{"level":"error","msg":"TestErrorf","time":"2018-08-30T11:50:10+02:00"}
{"level":"info","msg":"TestDonef","time":"2018-08-30T11:50:10+02:00"}
{"level":"error","msg":"TestFailf","time":"2018-08-30T11:50:10+02:00"}
{"context-0":"SomeContext","level":"info","msg":"TestWith","time":"2018-08-30T11:50:10+02:00"}
{"level":"info","msg":"TestPrintInfo","time":"2018-08-30T11:51:41+02:00"}
{"level":"warning","msg":"TestPrintWarn","time":"2018-08-30T11:51:41+02:00"}
{"level":"error","msg":"TestPrintError","time":"2018-08-30T11:51:41+02:00"}
{"level":"info","msg":"TestInfo","time":"2018-08-30T11:51:41+02:00"}
{"level":"warning","msg":"TestWarn","time":"2018-08-30T11:51:41+02:00"}
{"level":"error","msg":"TestError","time":"2018-08-30T11:51:41+02:00"}
{"level":"info","msg":"TestDone","time":"2018-08-30T11:51:41+02:00"}
{"level":"error","msg":"TestFail","time":"2018-08-30T11:51:41+02:00"}
{"level":"info","msg":"TestPrintInfof","time":"2018-08-30T11:51:41+02:00"}
{"level":"warning","msg":"TestPrintWarnf","time":"2018-08-30T11:51:41+02:00"}
{"level":"error","msg":"TestPrintErrorf","time":"2018-08-30T11:51:41+02:00"}
{"level":"info","msg":"TestInfof","time":"2018-08-30T11:51:41+02:00"}
{"level":"warning","msg":"TestWarnf","time":"2018-08-30T11:51:41+02:00"}
{"level":"error","msg":"TestErrorf","time":"2018-08-30T11:51:41+02:00"}
{"level":"info","msg":"TestDonef","time":"2018-08-30T11:51:41+02:00"}
{"level":"error","msg":"TestFailf","time":"2018-08-30T11:51:41+02:00"}
{"context-0":"SomeContext","level":"info","msg":"TestWith","time":"2018-08-30T11:51:41+02:00"}
{"level":"info","msg":"TestPrintInfo","time":"2018-08-30T11:52:31+02:00"}
{"level":"warning","msg":"TestPrintWarn","time":"2018-08-30T11:52:31+02:00"}
{"level":"error","msg":"TestPrintError","time":"2018-08-30T11:52:31+02:00"}
{"level":"info","msg":"TestInfo","time":"2018-08-30T11:52:31+02:00"}
{"level":"warning","msg":"TestWarn","time":"2018-08-30T11:52:31+02:00"}
{"level":"error","msg":"TestError","time":"2018-08-30T11:52:31+02:00"}
{"level":"info","msg":"TestDone","time":"2018-08-30T11:52:31+02:00"}
{"level":"error","msg":"TestFail","time":"2018-08-30T11:52:31+02:00"}
{"level":"info","msg":"TestPrintInfof","time":"2018-08-30T11:52:31+02:00"}
{"level":"warning","msg":"TestPrintWarnf","time":"2018-08-30T11:52:31+02:00"}
{"level":"error","msg":"TestPrintErrorf","time":"2018-08-30T11:52:31+02:00"}
{"level":"info","msg":"TestInfof","time":"2018-08-30T11:52:31+02:00"}
{"level":"warning","msg":"TestWarnf","time":"2018-08-30T11:52:31+02:00"}
{"level":"error","msg":"TestErrorf","time":"2018-08-30T11:52:31+02:00"}
{"level":"info","msg":"TestDonef","time":"2018-08-30T11:52:31+02:00"}
{"level":"error","msg":"TestFailf","time":"2018-08-30T11:52:31+02:00"}
{"context-0":"SomeContext","level":"info","msg":"TestWith","time":"2018-08-30T11:52:31+02:00"}
{"level":"info","msg":"TestPrintInfo","time":"2018-08-30T11:56:25+02:00"}
{"level":"warning","msg":"TestPrintWarn","time":"2018-08-30T11:56:25+02:00"}
{"level":"error","msg":"TestPrintError","time":"2018-08-30T11:56:25+02:00"}
{"level":"info","msg":"TestInfo","time":"2018-08-30T11:56:25+02:00"}
{"level":"warning","msg":"TestWarn","time":"2018-08-30T11:56:25+02:00"}
{"level":"error","msg":"TestError","time":"2018-08-30T11:56:25+02:00"}
{"level":"info","msg":"TestDone","time":"2018-08-30T11:56:25+02:00"}
{"level":"error","msg":"TestFail","time":"2018-08-30T11:56:25+02:00"}
{"level":"info","msg":"TestPrintInfof","time":"2018-08-30T11:56:25+02:00"}
{"level":"warning","msg":"TestPrintWarnf","time":"2018-08-30T11:56:25+02:00"}
{"level":"error","msg":"TestPrintErrorf","time":"2018-08-30T11:56:25+02:00"}
{"level":"info","msg":"TestInfof","time":"2018-08-30T11:56:25+02:00"}
{"level":"warning","msg":"TestWarnf","time":"2018-08-30T11:56:25+02:00"}
{"level":"error","msg":"TestErrorf","time":"2018-08-30T11:56:25+02:00"}
{"level":"info","msg":"TestDonef","time":"2018-08-30T11:56:25+02:00"}
{"level":"error","msg":"TestFailf","time":"2018-08-30T11:56:25+02:00"}
{"context-0":"SomeContext","level":"info","msg":"TestWith","time":"2018-08-30T11:56:25+02:00"}
{"level":"info","msg":"TestPrintInfo","time":"2018-08-30T11:58:33+02:00"}
{"level":"warning","msg":"TestPrintWarn","time":"2018-08-30T11:58:33+02:00"}
{"level":"error","msg":"TestPrintError","time":"2018-08-30T11:58:33+02:00"}
{"level":"info","msg":"TestInfo","time":"2018-08-30T11:58:33+02:00"}
{"level":"warning","msg":"TestWarn","time":"2018-08-30T11:58:33+02:00"}
{"level":"error","msg":"TestError","time":"2018-08-30T11:58:33+02:00"}
{"level":"info","msg":"TestDone","time":"2018-08-30T11:58:33+02:00"}
{"level":"error","msg":"TestFail","time":"2018-08-30T11:58:33+02:00"}
{"level":"info","msg":"TestPrintInfof","time":"2018-08-30T11:58:33+02:00"}
{"level":"warning","msg":"TestPrintWarnf","time":"2018-08-30T11:58:33+02:00"}
{"level":"error","msg":"TestPrintErrorf","time":"2018-08-30T11:58:33+02:00"}
{"level":"info","msg":"TestInfof","time":"2018-08-30T11:58:33+02:00"}
{"level":"warning","msg":"TestWarnf","time":"2018-08-30T11:58:33+02:00"}
{"level":"error","msg":"TestErrorf","time":"2018-08-30T11:58:33+02:00"}
{"level":"info","msg":"TestDonef","time":"2018-08-30T11:58:33+02:00"}
{"level":"error","msg":"TestFailf","time":"2018-08-30T11:58:33+02:00"}
{"context-0":"SomeContext","level":"info","msg":"TestWith","time":"2018-08-30T11:58:33+02:00"}
{"level":"info","msg":"TestPrintInfo","time":"2018-08-30T12:00:54+02:00"}
{"level":"warning","msg":"TestPrintWarn","time":"2018-08-30T12:00:54+02:00"}
{"level":"error","msg":"TestPrintError","time":"2018-08-30T12:00:54+02:00"}
{"level":"info","msg":"TestInfo","time":"2018-08-30T12:00:54+02:00"}
{"level":"warning","msg":"TestWarn","time":"2018-08-30T12:00:54+02:00"}
{"level":"error","msg":"TestError","time":"2018-08-30T12:00:54+02:00"}
{"level":"info","msg":"TestDone","time":"2018-08-30T12:00:54+02:00"}
{"level":"error","msg":"TestFail","time":"2018-08-30T12:00:54+02:00"}
{"level":"info","msg":"TestPrintInfof","time":"2018-08-30T12:00:54+02:00"}
{"level":"warning","msg":"TestPrintWarnf","time":"2018-08-30T12:00:54+02:00"}
{"level":"error","msg":"TestPrintErrorf","time":"2018-08-30T12:00:54+02:00"}
{"level":"info","msg":"TestInfof","time":"2018-08-30T12:00:54+02:00"}
{"level":"warning","msg":"TestWarnf","time":"2018-08-30T12:00:54+02:00"}
{"level":"error","msg":"TestErrorf","time":"2018-08-30T12:00:54+02:00"}
{"level":"info","msg":"TestDonef","time":"2018-08-30T12:00:54+02:00"}
{"level":"error","msg":"TestFailf","time":"2018-08-30T12:00:54+02:00"}
{"context-0":"SomeContext","level":"info","msg":"TestWith","time":"2018-08-30T12:00:54+02:00"}
{"level":"info","msg":"TestPrintInfo","time":"2018-08-30T12:04:34+02:00"}
{"level":"warning","msg":"TestPrintWarn","time":"2018-08-30T12:04:34+02:00"}
{"level":"error","msg":"TestPrintError","time":"2018-08-30T12:04:34+02:00"}
{"level":"info","msg":"TestInfo","time":"2018-08-30T12:04:34+02:00"}
{"level":"warning","msg":"TestWarn","time":"2018-08-30T12:04:34+02:00"}
{"level":"error","msg":"TestError","time":"2018-08-30T12:04:34+02:00"}
{"level":"info","msg":"TestDone","time":"2018-08-30T12:04:34+02:00"}
{"level":"error","msg":"TestFail","time":"2018-08-30T12:04:34+02:00"}
{"level":"info","msg":"TestPrintInfof","time":"2018-08-30T12:04:34+02:00"}
{"level":"warning","msg":"TestPrintWarnf","time":"2018-08-30T12:04:34+02:00"}
{"level":"error","msg":"TestPrintErrorf","time":"2018-08-30T12:04:34+02:00"}
{"level":"info","msg":"TestInfof","time":"2018-08-30T12:04:34+02:00"}
{"level":"warning","msg":"TestWarnf","time":"2018-08-30T12:04:34+02:00"}
{"level":"error","msg":"TestErrorf","time":"2018-08-30T12:04:34+02:00"}
{"level":"info","msg":"TestDonef","time":"2018-08-30T12:04:34+02:00"}
{"level":"error","msg":"TestFailf","time":"2018-08-30T12:04:34+02:00"}
{"context-0":"SomeContext","level":"info","msg":"TestWith","time":"2018-08-30T12:04:34+02:00"}
{"level":"info","msg":"TestPrintInfo","time":"2018-08-30T12:05:05+02:00"}
{"level":"warning","msg":"TestPrintWarn","time":"2018-08-30T12:05:05+02:00"}
{"level":"error","msg":"TestPrintError","time":"2018-08-30T12:05:05+02:00"}
{"level":"info","msg":"TestInfo","time":"2018-08-30T12:05:05+02:00"}
{"level":"warning","msg":"TestWarn","time":"2018-08-30T12:05:05+02:00"}
{"level":"error","msg":"TestError","time":"2018-08-30T12:05:05+02:00"}
{"level":"info","msg":"TestDone","time":"2018-08-30T12:05:05+02:00"}
{"level":"error","msg":"TestFail","time":"2018-08-30T12:05:05+02:00"}
{"level":"info","msg":"TestPrintInfof","time":"2018-08-30T12:05:05+02:00"}
{"level":"warning","msg":"TestPrintWarnf","time":"2018-08-30T12:05:05+02:00"}
{"level":"error","msg":"TestPrintErrorf","time":"2018-08-30T12:05:05+02:00"}
{"level":"info","msg":"TestInfof","time":"2018-08-30T12:05:05+02:00"}
{"level":"warning","msg":"TestWarnf","time":"2018-08-30T12:05:05+02:00"}
{"level":"error","msg":"TestErrorf","time":"2018-08-30T12:05:05+02:00"}
{"level":"info","msg":"TestDonef","time":"2018-08-30T12:05:05+02:00"}
{"level":"error","msg":"TestFailf","time":"2018-08-30T12:05:05+02:00"}
{"context-0":"SomeContext","level":"info","msg":"TestWith","time":"2018-08-30T12:05:05+02:00"}
{"level":"info","msg":"TestPrintInfo","time":"2018-08-30T12:20:38+02:00"}
{"level":"warning","msg":"TestPrintWarn","time":"2018-08-30T12:20:38+02:00"}
{"level":"error","msg":"TestPrintError","time":"2018-08-30T12:20:38+02:00"}
{"level":"info","msg":"TestInfo","time":"2018-08-30T12:20:38+02:00"}
{"level":"warning","msg":"TestWarn","time":"2018-08-30T12:20:38+02:00"}
{"level":"error","msg":"TestError","time":"2018-08-30T12:20:38+02:00"}
{"level":"info","msg":"TestDone","time":"2018-08-30T12:20:38+02:00"}
{"level":"error","msg":"TestFail","time":"2018-08-30T12:20:38+02:00"}
{"level":"info","msg":"TestPrintInfof","time":"2018-08-30T12:20:38+02:00"}
{"level":"warning","msg":"TestPrintWarnf","time":"2018-08-30T12:20:38+02:00"}
{"level":"error","msg":"TestPrintErrorf","time":"2018-08-30T12:20:38+02:00"}
{"level":"info","msg":"TestInfof","time":"2018-08-30T12:20:38+02:00"}
{"level":"warning","msg":"TestWarnf","time":"2018-08-30T12:20:38+02:00"}
{"level":"error","msg":"TestErrorf","time":"2018-08-30T12:20:38+02:00"}
{"level":"info","msg":"TestDonef","time":"2018-08-30T12:20:38+02:00"}
{"level":"error","msg":"TestFailf","time":"2018-08-30T12:20:38+02:00"}
{"context-0":"SomeContext","level":"info","msg":"TestWith","time":"2018-08-30T12:20:38+02:00"}
{"level":"panic","msg":"TestPanic","time":"2018-08-30T12:20:38+02:00"}
{"level":"panic","msg":"TestPanicf","time":"2018-08-30T12:20:38+02:00"}
{"level":"panic","msg":"TestPrintPanic","time":"2018-08-30T12:20:38+02:00"}
{"level":"panic","msg":"TestPrintfPanic","time":"2018-08-30T12:20:38+02:00"}
{"level":"info","msg":"TestPrintInfo","time":"2018-08-30T12:21:41+02:00"}
{"level":"warning","msg":"TestPrintWarn","time":"2018-08-30T12:21:41+02:00"}
{"level":"error","msg":"TestPrintError","time":"2018-08-30T12:21:41+02:00"}
{"level":"info","msg":"TestInfo","time":"2018-08-30T12:21:41+02:00"}
{"level":"warning","msg":"TestWarn","time":"2018-08-30T12:21:41+02:00"}
{"level":"error","msg":"TestError","time":"2018-08-30T12:21:41+02:00"}
{"level":"info","msg":"TestDone","time":"2018-08-30T12:21:41+02:00"}
{"level":"error","msg":"TestFail","time":"2018-08-30T12:21:41+02:00"}
{"level":"info","msg":"TestPrintInfof","time":"2018-08-30T12:21:41+02:00"}
{"level":"warning","msg":"TestPrintWarnf","time":"2018-08-30T12:21:41+02:00"}
{"level":"error","msg":"TestPrintErrorf","time":"2018-08-30T12:21:41+02:00"}
{"level":"info","msg":"TestInfof","time":"2018-08-30T12:21:41+02:00"}
{"level":"warning","msg":"TestWarnf","time":"2018-08-30T12:21:41+02:00"}
{"level":"error","msg":"TestErrorf","time":"2018-08-30T12:21:41+02:00"}
{"level":"info","msg":"TestDonef","time":"2018-08-30T12:21:41+02:00"}
{"level":"error","msg":"TestFailf","time":"2018-08-30T12:21:41+02:00"}
{"context-0":"SomeContext","level":"info","msg":"TestWith","time":"2018-08-30T12:21:41+02:00"}
{"level":"panic","msg":"TestPanic","time":"2018-08-30T12:21:41+02:00"}
{"level":"panic","msg":"TestPanicf","time":"2018-08-30T12:21:41+02:00"}
{"level":"panic","msg":"TestPrintPanic","time":"2018-08-30T12:21:41+02:00"}
{"level":"panic","msg":"TestPrintfPanic","time":"2018-08-30T12:21:41+02:00"}
{"level":"info","msg":"TestPrintInfo","time":"2018-08-30T12:31:08+02:00"}
{"level":"warning","msg":"TestPrintWarn","time":"2018-08-30T12:31:08+02:00"}
{"level":"error","msg":"TestPrintError","time":"2018-08-30T12:31:08+02:00"}
{"level":"info","msg":"TestInfo","time":"2018-08-30T12:31:08+02:00"}
{"level":"warning","msg":"TestWarn","time":"2018-08-30T12:31:08+02:00"}
{"level":"error","msg":"TestError","time":"2018-08-30T12:31:08+02:00"}
{"level":"info","msg":"TestDone","time":"2018-08-30T12:31:08+02:00"}
{"level":"error","msg":"TestFail","time":"2018-08-30T12:31:08+02:00"}
{"level":"info","msg":"TestPrintInfof","time":"2018-08-30T12:31:08+02:00"}
{"level":"warning","msg":"TestPrintWarnf","time":"2018-08-30T12:31:08+02:00"}
{"level":"error","msg":"TestPrintErrorf","time":"2018-08-30T12:31:08+02:00"}
{"level":"info","msg":"TestInfof","time":"2018-08-30T12:31:08+02:00"}
{"level":"warning","msg":"TestWarnf","time":"2018-08-30T12:31:08+02:00"}
{"level":"error","msg":"TestErrorf","time":"2018-08-30T12:31:08+02:00"}
{"level":"info","msg":"TestDonef","time":"2018-08-30T12:31:08+02:00"}
{"level":"error","msg":"TestFailf","time":"2018-08-30T12:31:08+02:00"}
{"context-0":"SomeContext","level":"info","msg":"TestWith","time":"2018-08-30T12:31:08+02:00"}
{"level":"panic","msg":"TestPanic","time":"2018-08-30T12:31:08+02:00"}
{"level":"panic","msg":"TestPanicf","time":"2018-08-30T12:31:08+02:00"}
{"level":"panic","msg":"TestPrintPanic","time":"2018-08-30T12:31:08+02:00"}
{"level":"panic","msg":"TestPrintfPanic","time":"2018-08-30T12:31:08+02:00"}
{"level":"info","msg":"TestPrintInfo","time":"2018-08-30T13:52:41+02:00"}
{"level":"warning","msg":"TestPrintWarn","time":"2018-08-30T13:52:41+02:00"}
{"level":"error","msg":"TestPrintError","time":"2018-08-30T13:52:41+02:00"}
{"level":"info","msg":"TestInfo","time":"2018-08-30T13:52:41+02:00"}
{"level":"warning","msg":"TestWarn","time":"2018-08-30T13:52:41+02:00"}
{"level":"error","msg":"TestError","time":"2018-08-30T13:52:41+02:00"}
{"level":"info","msg":"TestDone","time":"2018-08-30T13:52:41+02:00"}
{"level":"error","msg":"TestFail","time":"2018-08-30T13:52:41+02:00"}
{"level":"info","msg":"TestPrintInfof","time":"2018-08-30T13:52:41+02:00"}
{"level":"warning","msg":"TestPrintWarnf","time":"2018-08-30T13:52:41+02:00"}
{"level":"error","msg":"TestPrintErrorf","time":"2018-08-30T13:52:41+02:00"}
{"level":"info","msg":"TestInfof","time":"2018-08-30T13:52:41+02:00"}
{"level":"warning","msg":"TestWarnf","time":"2018-08-30T13:52:41+02:00"}
{"level":"error","msg":"TestErrorf","time":"2018-08-30T13:52:41+02:00"}
{"level":"info","msg":"TestDonef","time":"2018-08-30T13:52:41+02:00"}
{"level":"error","msg":"TestFailf","time":"2018-08-30T13:52:41+02:00"}
{"context-0":"SomeContext","level":"info","msg":"TestWith","time":"2018-08-30T13:52:41+02:00"}
{"level":"panic","msg":"TestPanic","time":"2018-08-30T13:52:41+02:00"}
{"level":"panic","msg":"TestPanicf","time":"2018-08-30T13:52:41+02:00"}
{"level":"panic","msg":"TestPrintPanic","time":"2018-08-30T13:52:41+02:00"}
{"level":"panic","msg":"TestPrintfPanic","time":"2018-08-30T13:52:41+02:00"}
{"level":"info","msg":"TestPrintInfo","time":"2018-08-30T13:53:24+02:00"}
{"level":"warning","msg":"TestPrintWarn","time":"2018-08-30T13:53:24+02:00"}
{"level":"error","msg":"TestPrintError","time":"2018-08-30T13:53:24+02:00"}
{"level":"info","msg":"TestInfo","time":"2018-08-30T13:53:24+02:00"}
{"level":"warning","msg":"TestWarn","time":"2018-08-30T13:53:24+02:00"}
{"level":"error","msg":"TestError","time":"2018-08-30T13:53:24+02:00"}
{"level":"info","msg":"TestDone","time":"2018-08-30T13:53:24+02:00"}
{"level":"error","msg":"TestFail","time":"2018-08-30T13:53:24+02:00"}
{"level":"info","msg":"TestPrintInfof","time":"2018-08-30T13:53:24+02:00"}
{"level":"warning","msg":"TestPrintWarnf","time":"2018-08-30T13:53:24+02:00"}
{"level":"error","msg":"TestPrintErrorf","time":"2018-08-30T13:53:24+02:00"}
{"level":"info","msg":"TestInfof","time":"2018-08-30T13:53:24+02:00"}
{"level":"warning","msg":"TestWarnf","time":"2018-08-30T13:53:24+02:00"}
{"level":"error","msg":"TestErrorf","time":"2018-08-30T13:53:24+02:00"}
{"level":"info","msg":"TestDonef","time":"2018-08-30T13:53:24+02:00"}
{"level":"error","msg":"TestFailf","time":"2018-08-30T13:53:24+02:00"}
{"context-0":"SomeContext","level":"info","msg":"TestWith","time":"2018-08-30T13:53:24+02:00"}
{"level":"panic","msg":"TestPanic","time":"2018-08-30T13:53:24+02:00"}
{"level":"panic","msg":"TestPanicf","time":"2018-08-30T13:53:24+02:00"}
{"level":"panic","msg":"TestPrintPanic","time":"2018-08-30T13:53:24+02:00"}
{"level":"panic","msg":"TestPrintfPanic","time":"2018-08-30T13:53:24+02:00"}
{"level":"info","msg":"TestPrintInfo","time":"2018-08-30T13:57:52+02:00"}
{"level":"warning","msg":"TestPrintWarn","time":"2018-08-30T13:57:52+02:00"}
{"level":"error","msg":"TestPrintError","time":"2018-08-30T13:57:52+02:00"}
{"level":"info","msg":"TestInfo","time":"2018-08-30T13:57:52+02:00"}
{"level":"warning","msg":"TestWarn","time":"2018-08-30T13:57:52+02:00"}
{"level":"error","msg":"TestError","time":"2018-08-30T13:57:52+02:00"}
{"level":"info","msg":"TestDone","time":"2018-08-30T13:57:52+02:00"}
{"level":"error","msg":"TestFail","time":"2018-08-30T13:57:52+02:00"}
{"level":"info","msg":"TestPrintInfof","time":"2018-08-30T13:57:52+02:00"}
{"level":"warning","msg":"TestPrintWarnf","time":"2018-08-30T13:57:52+02:00"}
{"level":"error","msg":"TestPrintErrorf","time":"2018-08-30T13:57:52+02:00"}
{"level":"info","msg":"TestInfof","time":"2018-08-30T13:57:52+02:00"}
{"level":"warning","msg":"TestWarnf","time":"2018-08-30T13:57:52+02:00"}
{"level":"error","msg":"TestErrorf","time":"2018-08-30T13:57:52+02:00"}
{"level":"info","msg":"TestDonef","time":"2018-08-30T13:57:52+02:00"}
{"level":"error","msg":"TestFailf","time":"2018-08-30T13:57:52+02:00"}
{"context-0":"SomeContext","level":"info","msg":"TestWith","time":"2018-08-30T13:57:52+02:00"}
{"level":"panic","msg":"TestPanic","time":"2018-08-30T13:57:52+02:00"}
{"level":"panic","msg":"TestPanicf","time":"2018-08-30T13:57:52+02:00"}
{"level":"panic","msg":"TestPrintPanic","time":"2018-08-30T13:57:52+02:00"}
{"level":"panic","msg":"TestPrintfPanic","time":"2018-08-30T13:57:52+02:00"}
{"level":"info","msg":"TestPrintInfo","time":"2018-08-30T14:02:13+02:00"}
{"level":"warning","msg":"TestPrintWarn","time":"2018-08-30T14:02:13+02:00"}
{"level":"error","msg":"TestPrintError","time":"2018-08-30T14:02:13+02:00"}
{"level":"info","msg":"TestInfo","time":"2018-08-30T14:02:13+02:00"}
{"level":"warning","msg":"TestWarn","time":"2018-08-30T14:02:13+02:00"}
{"level":"error","msg":"TestError","time":"2018-08-30T14:02:13+02:00"}
{"level":"info","msg":"TestDone","time":"2018-08-30T14:02:13+02:00"}
{"level":"error","msg":"TestFail","time":"2018-08-30T14:02:13+02:00"}
{"level":"info","msg":"TestPrintInfof","time":"2018-08-30T14:02:13+02:00"}
{"level":"warning","msg":"TestPrintWarnf","time":"2018-08-30T14:02:13+02:00"}
{"level":"error","msg":"TestPrintErrorf","time":"2018-08-30T14:02:13+02:00"}
{"level":"info","msg":"TestInfof","time":"2018-08-30T14:02:13+02:00"}
{"level":"warning","msg":"TestWarnf","time":"2018-08-30T14:02:13+02:00"}
{"level":"error","msg":"TestErrorf","time":"2018-08-30T14:02:13+02:00"}
{"level":"info","msg":"TestDonef","time":"2018-08-30T14:02:13+02:00"}
{"level":"error","msg":"TestFailf","time":"2018-08-30T14:02:13+02:00"}
{"context-0":"SomeContext","level":"info","msg":"TestWith","time":"2018-08-30T14:02:13+02:00"}
{"level":"panic","msg":"TestPanic","time":"2018-08-30T14:02:13+02:00"}
{"level":"panic","msg":"TestPanicf","time":"2018-08-30T14:02:13+02:00"}
{"level":"panic","msg":"TestPrintPanic","time":"2018-08-30T14:02:13+02:00"}
{"level":"panic","msg":"TestPrintfPanic","time":"2018-08-30T14:02:13+02:00"}
{"level":"info","msg":"TestPrintInfo","time":"2018-08-30T14:22:35+02:00"}
{"level":"warning","msg":"TestPrintWarn","time":"2018-08-30T14:22:35+02:00"}
{"level":"error","msg":"TestPrintError","time":"2018-08-30T14:22:35+02:00"}
{"level":"info","msg":"TestInfo","time":"2018-08-30T14:22:35+02:00"}
{"level":"warning","msg":"TestWarn","time":"2018-08-30T14:22:35+02:00"}
{"level":"error","msg":"TestError","time":"2018-08-30T14:22:35+02:00"}
{"level":"info","msg":"TestDone","time":"2018-08-30T14:22:35+02:00"}
{"level":"error","msg":"TestFail","time":"2018-08-30T14:22:35+02:00"}
{"level":"info","msg":"TestPrintInfof","time":"2018-08-30T14:22:35+02:00"}
{"level":"warning","msg":"TestPrintWarnf","time":"2018-08-30T14:22:35+02:00"}
{"level":"error","msg":"TestPrintErrorf","time":"2018-08-30T14:22:35+02:00"}
{"level":"info","msg":"TestInfof","time":"2018-08-30T14:22:35+02:00"}
{"level":"warning","msg":"TestWarnf","time":"2018-08-30T14:22:35+02:00"}
{"level":"error","msg":"TestErrorf","time":"2018-08-30T14:22:35+02:00"}
{"level":"info","msg":"TestDonef","time":"2018-08-30T14:22:35+02:00"}
{"level":"error","msg":"TestFailf","time":"2018-08-30T14:22:35+02:00"}
{"context-0":"SomeContext","level":"info","msg":"TestWith","time":"2018-08-30T14:22:35+02:00"}
{"level":"panic","msg":"TestPanic","time":"2018-08-30T14:22:35+02:00"}
{"level":"panic","msg":"TestPanicf","time":"2018-08-30T14:22:35+02:00"}
{"level":"panic","msg":"TestPrintPanic","time":"2018-08-30T14:22:35+02:00"}
{"level":"panic","msg":"TestPrintfPanic","time":"2018-08-30T14:22:35+02:00"}
{"level":"info","msg":"TestPrintInfo","time":"2018-08-30T14:26:36+02:00"}
{"level":"warning","msg":"TestPrintWarn","time":"2018-08-30T14:26:36+02:00"}
{"level":"error","msg":"TestPrintError","time":"2018-08-30T14:26:36+02:00"}
{"level":"info","msg":"TestInfo","time":"2018-08-30T14:26:36+02:00"}
{"level":"warning","msg":"TestWarn","time":"2018-08-30T14:26:36+02:00"}
{"level":"error","msg":"TestError","time":"2018-08-30T14:26:36+02:00"}
{"level":"info","msg":"TestDone","time":"2018-08-30T14:26:36+02:00"}
{"level":"error","msg":"TestFail","time":"2018-08-30T14:26:36+02:00"}
{"level":"info","msg":"TestPrintInfof","time":"2018-08-30T14:26:36+02:00"}
{"level":"warning","msg":"TestPrintWarnf","time":"2018-08-30T14:26:36+02:00"}
{"level":"error","msg":"TestPrintErrorf","time":"2018-08-30T14:26:36+02:00"}
{"level":"info","msg":"TestInfof","time":"2018-08-30T14:26:36+02:00"}
{"level":"warning","msg":"TestWarnf","time":"2018-08-30T14:26:36+02:00"}
{"level":"error","msg":"TestErrorf","time":"2018-08-30T14:26:36+02:00"}
{"level":"info","msg":"TestDonef","time":"2018-08-30T14:26:36+02:00"}
{"level":"error","msg":"TestFailf","time":"2018-08-30T14:26:36+02:00"}
{"context-0":"SomeContext","level":"info","msg":"TestWith","time":"2018-08-30T14:26:36+02:00"}
{"level":"panic","msg":"TestPanic","time":"2018-08-30T14:26:36+02:00"}
{"level":"panic","msg":"TestPanicf","time":"2018-08-30T14:26:36+02:00"}
{"level":"panic","msg":"TestPrintPanic","time":"2018-08-30T14:26:36+02:00"}
{"level":"panic","msg":"TestPrintfPanic","time":"2018-08-30T14:26:36+02:00"}
{"level":"info","msg":"TestPrintInfo","time":"2018-08-30T14:31:29+02:00"}
{"level":"warning","msg":"TestPrintWarn","time":"2018-08-30T14:31:29+02:00"}
{"level":"error","msg":"TestPrintError","time":"2018-08-30T14:31:29+02:00"}
{"level":"info","msg":"TestInfo","time":"2018-08-30T14:31:29+02:00"}
{"level":"warning","msg":"TestWarn","time":"2018-08-30T14:31:29+02:00"}
{"level":"error","msg":"TestError","time":"2018-08-30T14:31:29+02:00"}
{"level":"info","msg":"TestDone","time":"2018-08-30T14:31:29+02:00"}
{"level":"error","msg":"TestFail","time":"2018-08-30T14:31:29+02:00"}
{"level":"info","msg":"TestPrintInfof","time":"2018-08-30T14:31:29+02:00"}
{"level":"warning","msg":"TestPrintWarnf","time":"2018-08-30T14:31:29+02:00"}
{"level":"error","msg":"TestPrintErrorf","time":"2018-08-30T14:31:29+02:00"}
{"level":"info","msg":"TestInfof","time":"2018-08-30T14:31:29+02:00"}
{"level":"warning","msg":"TestWarnf","time":"2018-08-30T14:31:29+02:00"}
{"level":"error","msg":"TestErrorf","time":"2018-08-30T14:31:29+02:00"}
{"level":"info","msg":"TestDonef","time":"2018-08-30T14:31:29+02:00"}
{"level":"error","msg":"TestFailf","time":"2018-08-30T14:31:29+02:00"}
{"context-0":"SomeContext","level":"info","msg":"TestWith","time":"2018-08-30T14:31:29+02:00"}
{"level":"panic","msg":"TestPanic","time":"2018-08-30T14:31:29+02:00"}
{"level":"panic","msg":"TestPanicf","time":"2018-08-30T14:31:29+02:00"}
{"level":"panic","msg":"TestPrintPanic","time":"2018-08-30T14:31:29+02:00"}
{"level":"panic","msg":"TestPrintfPanic","time":"2018-08-30T14:31:29+02:00"}
{"level":"info","msg":"TestPrintInfo","time":"2018-08-30T14:32:05+02:00"}
{"level":"warning","msg":"TestPrintWarn","time":"2018-08-30T14:32:05+02:00"}
{"level":"error","msg":"TestPrintError","time":"2018-08-30T14:32:05+02:00"}
{"level":"info","msg":"TestInfo","time":"2018-08-30T14:32:05+02:00"}
{"level":"warning","msg":"TestWarn","time":"2018-08-30T14:32:05+02:00"}
{"level":"error","msg":"TestError","time":"2018-08-30T14:32:05+02:00"}
{"level":"info","msg":"TestDone","time":"2018-08-30T14:32:05+02:00"}
{"level":"error","msg":"TestFail","time":"2018-08-30T14:32:05+02:00"}
{"level":"info","msg":"TestPrintInfof","time":"2018-08-30T14:32:05+02:00"}
{"level":"warning","msg":"TestPrintWarnf","time":"2018-08-30T14:32:05+02:00"}
{"level":"error","msg":"TestPrintErrorf","time":"2018-08-30T14:32:05+02:00"}
{"level":"info","msg":"TestInfof","time":"2018-08-30T14:32:05+02:00"}
{"level":"warning","msg":"TestWarnf","time":"2018-08-30T14:32:05+02:00"}
{"level":"error","msg":"TestErrorf","time":"2018-08-30T14:32:05+02:00"}
{"level":"info","msg":"TestDonef","time":"2018-08-30T14:32:05+02:00"}
{"level":"error","msg":"TestFailf","time":"2018-08-30T14:32:05+02:00"}
{"context-0":"SomeContext","level":"info","msg":"TestWith","time":"2018-08-30T14:32:05+02:00"}
{"level":"panic","msg":"TestPanic","time":"2018-08-30T14:32:05+02:00"}
{"level":"panic","msg":"TestPanicf","time":"2018-08-30T14:32:05+02:00"}
{"level":"panic","msg":"TestPrintPanic","time":"2018-08-30T14:32:05+02:00"}
{"level":"panic","msg":"TestPrintfPanic","time":"2018-08-30T14:32:05+02:00"}
{"level":"info","msg":"TestPrintInfo","time":"2018-08-30T14:32:48+02:00"}
{"level":"warning","msg":"TestPrintWarn","time":"2018-08-30T14:32:48+02:00"}
{"level":"error","msg":"TestPrintError","time":"2018-08-30T14:32:48+02:00"}
{"level":"info","msg":"TestInfo","time":"2018-08-30T14:32:48+02:00"}
{"level":"warning","msg":"TestWarn","time":"2018-08-30T14:32:48+02:00"}
{"level":"error","msg":"TestError","time":"2018-08-30T14:32:48+02:00"}
{"level":"info","msg":"TestDone","time":"2018-08-30T14:32:48+02:00"}
{"level":"error","msg":"TestFail","time":"2018-08-30T14:32:48+02:00"}
{"level":"info","msg":"TestPrintInfof","time":"2018-08-30T14:32:48+02:00"}
{"level":"warning","msg":"TestPrintWarnf","time":"2018-08-30T14:32:48+02:00"}
{"level":"error","msg":"TestPrintErrorf","time":"2018-08-30T14:32:48+02:00"}
{"level":"info","msg":"TestInfof","time":"2018-08-30T14:32:48+02:00"}
{"level":"warning","msg":"TestWarnf","time":"2018-08-30T14:32:48+02:00"}
{"level":"error","msg":"TestErrorf","time":"2018-08-30T14:32:48+02:00"}
{"level":"info","msg":"TestDonef","time":"2018-08-30T14:32:48+02:00"}
{"level":"error","msg":"TestFailf","time":"2018-08-30T14:32:48+02:00"}
{"context-0":"SomeContext","level":"info","msg":"TestWith","time":"2018-08-30T14:32:48+02:00"}
{"level":"panic","msg":"TestPanic","time":"2018-08-30T14:32:48+02:00"}
{"level":"panic","msg":"TestPanicf","time":"2018-08-30T14:32:48+02:00"}
{"level":"panic","msg":"TestPrintPanic","time":"2018-08-30T14:32:48+02:00"}
{"level":"panic","msg":"TestPrintfPanic","time":"2018-08-30T14:32:48+02:00"}
{"level":"info","msg":"TestPrintInfo","time":"2018-08-30T15:00:45+02:00"}
{"level":"warning","msg":"TestPrintWarn","time":"2018-08-30T15:00:45+02:00"}
{"level":"error","msg":"TestPrintError","time":"2018-08-30T15:00:45+02:00"}
{"level":"info","msg":"TestInfo","time":"2018-08-30T15:00:45+02:00"}
{"level":"warning","msg":"TestWarn","time":"2018-08-30T15:00:45+02:00"}
{"level":"error","msg":"TestError","time":"2018-08-30T15:00:45+02:00"}
{"level":"info","msg":"TestDone","time":"2018-08-30T15:00:45+02:00"}
{"level":"error","msg":"TestFail","time":"2018-08-30T15:00:45+02:00"}
{"level":"info","msg":"TestPrintInfof","time":"2018-08-30T15:00:45+02:00"}
{"level":"warning","msg":"TestPrintWarnf","time":"2018-08-30T15:00:45+02:00"}
{"level":"error","msg":"TestPrintErrorf","time":"2018-08-30T15:00:45+02:00"}
{"level":"info","msg":"TestInfof","time":"2018-08-30T15:00:45+02:00"}
{"level":"warning","msg":"TestWarnf","time":"2018-08-30T15:00:45+02:00"}
{"level":"error","msg":"TestErrorf","time":"2018-08-30T15:00:45+02:00"}
{"level":"info","msg":"TestDonef","time":"2018-08-30T15:00:45+02:00"}
{"level":"error","msg":"TestFailf","time":"2018-08-30T15:00:45+02:00"}
{"context-0":"SomeContext","level":"info","msg":"TestWith","time":"2018-08-30T15:00:45+02:00"}
{"level":"panic","msg":"TestPanic","time":"2018-08-30T15:00:45+02:00"}
{"level":"panic","msg":"TestPanicf","time":"2018-08-30T15:00:45+02:00"}
{"level":"panic","msg":"TestPrintPanic","time":"2018-08-30T15:00:45+02:00"}
{"level":"panic","msg":"TestPrintfPanic","time":"2018-08-30T15:00:45+02:00"}
{"level":"info","msg":"TestPrintInfo","time":"2018-08-30T15:01:23+02:00"}
{"level":"warning","msg":"TestPrintWarn","time":"2018-08-30T15:01:23+02:00"}
{"level":"error","msg":"TestPrintError","time":"2018-08-30T15:01:23+02:00"}
{"level":"info","msg":"TestInfo","time":"2018-08-30T15:01:23+02:00"}
{"level":"warning","msg":"TestWarn","time":"2018-08-30T15:01:23+02:00"}
{"level":"error","msg":"TestError","time":"2018-08-30T15:01:23+02:00"}
{"level":"info","msg":"TestDone","time":"2018-08-30T15:01:23+02:00"}
{"level":"error","msg":"TestFail","time":"2018-08-30T15:01:23+02:00"}
{"level":"info","msg":"TestPrintInfof","time":"2018-08-30T15:01:23+02:00"}
{"level":"warning","msg":"TestPrintWarnf","time":"2018-08-30T15:01:23+02:00"}
{"level":"error","msg":"TestPrintErrorf","time":"2018-08-30T15:01:23+02:00"}
{"level":"info","msg":"TestInfof","time":"2018-08-30T15:01:23+02:00"}
{"level":"warning","msg":"TestWarnf","time":"2018-08-30T15:01:23+02:00"}
{"level":"error","msg":"TestErrorf","time":"2018-08-30T15:01:23+02:00"}
{"level":"info","msg":"TestDonef","time":"2018-08-30T15:01:23+02:00"}
{"level":"error","msg":"TestFailf","time":"2018-08-30T15:01:23+02:00"}
{"context-0":"SomeContext","level":"info","msg":"TestWith","time":"2018-08-30T15:01:23+02:00"}
{"level":"panic","msg":"TestPanic","time":"2018-08-30T15:01:23+02:00"}
{"level":"panic","msg":"TestPanicf","time":"2018-08-30T15:01:23+02:00"}
{"level":"panic","msg":"TestPrintPanic","time":"2018-08-30T15:01:23+02:00"}
{"level":"panic","msg":"TestPrintfPanic","time":"2018-08-30T15:01:23+02:00"}
{"level":"info","msg":"TestPrintInfo","time":"2018-08-30T15:05:44+02:00"}
{"level":"warning","msg":"TestPrintWarn","time":"2018-08-30T15:05:44+02:00"}
{"level":"error","msg":"TestPrintError","time":"2018-08-30T15:05:44+02:00"}
{"level":"info","msg":"TestInfo","time":"2018-08-30T15:05:44+02:00"}
{"level":"warning","msg":"TestWarn","time":"2018-08-30T15:05:44+02:00"}
{"level":"error","msg":"TestError","time":"2018-08-30T15:05:44+02:00"}
{"level":"info","msg":"TestDone","time":"2018-08-30T15:05:44+02:00"}
{"level":"error","msg":"TestFail","time":"2018-08-30T15:05:44+02:00"}
{"level":"info","msg":"TestPrintInfof","time":"2018-08-30T15:05:44+02:00"}
{"level":"warning","msg":"TestPrintWarnf","time":"2018-08-30T15:05:44+02:00"}
{"level":"error","msg":"TestPrintErrorf","time":"2018-08-30T15:05:44+02:00"}
{"level":"info","msg":"TestInfof","time":"2018-08-30T15:05:44+02:00"}
{"level":"warning","msg":"TestWarnf","time":"2018-08-30T15:05:44+02:00"}
{"level":"error","msg":"TestErrorf","time":"2018-08-30T15:05:44+02:00"}
{"level":"info","msg":"TestDonef","time":"2018-08-30T15:05:44+02:00"}
{"level":"error","msg":"TestFailf","time":"2018-08-30T15:05:44+02:00"}
{"context-0":"SomeContext","level":"info","msg":"TestWith","time":"2018-08-30T15:05:44+02:00"}
{"level":"panic","msg":"TestPanic","time":"2018-08-30T15:05:44+02:00"}
{"level":"panic","msg":"TestPanicf","time":"2018-08-30T15:05:44+02:00"}
{"level":"panic","msg":"TestPrintPanic","time":"2018-08-30T15:05:44+02:00"}
{"level":"panic","msg":"TestPrintfPanic","time":"2018-08-30T15:05:44+02:00"}
{"level":"info","msg":"TestPrintInfo","time":"2018-08-30T15:13:13+02:00"}
{"level":"warning","msg":"TestPrintWarn","time":"2018-08-30T15:13:13+02:00"}
{"level":"error","msg":"TestPrintError","time":"2018-08-30T15:13:13+02:00"}
{"level":"info","msg":"TestInfo","time":"2018-08-30T15:13:13+02:00"}
{"level":"warning","msg":"TestWarn","time":"2018-08-30T15:13:13+02:00"}
{"level":"error","msg":"TestError","time":"2018-08-30T15:13:13+02:00"}
{"level":"info","msg":"TestDone","time":"2018-08-30T15:13:13+02:00"}
{"level":"error","msg":"TestFail","time":"2018-08-30T15:13:13+02:00"}
{"level":"info","msg":"TestPrintInfof","time":"2018-08-30T15:13:13+02:00"}
{"level":"warning","msg":"TestPrintWarnf","time":"2018-08-30T15:13:13+02:00"}
{"level":"error","msg":"TestPrintErrorf","time":"2018-08-30T15:13:13+02:00"}
{"level":"info","msg":"TestInfof","time":"2018-08-30T15:13:13+02:00"}
{"level":"warning","msg":"TestWarnf","time":"2018-08-30T15:13:13+02:00"}
{"level":"error","msg":"TestErrorf","time":"2018-08-30T15:13:13+02:00"}
{"level":"info","msg":"TestDonef","time":"2018-08-30T15:13:13+02:00"}
{"level":"error","msg":"TestFailf","time":"2018-08-30T15:13:13+02:00"}
{"context-0":"SomeContext","level":"info","msg":"TestWith","time":"2018-08-30T15:13:13+02:00"}
{"context-0":"TestContext","level":"info","msg":"TestWithContextf","time":"2018-08-30T15:13:13+02:00"}
{"level":"info","msg":"TestPrintInfo","time":"2018-08-30T15:13:18+02:00"}
{"level":"warning","msg":"TestPrintWarn","time":"2018-08-30T15:13:18+02:00"}
{"level":"error","msg":"TestPrintError","time":"2018-08-30T15:13:18+02:00"}
{"level":"info","msg":"TestInfo","time":"2018-08-30T15:13:18+02:00"}
{"level":"warning","msg":"TestWarn","time":"2018-08-30T15:13:18+02:00"}
{"level":"error","msg":"TestError","time":"2018-08-30T15:13:18+02:00"}
{"level":"info","msg":"TestDone","time":"2018-08-30T15:13:18+02:00"}
{"level":"error","msg":"TestFail","time":"2018-08-30T15:13:18+02:00"}
{"level":"info","msg":"TestPrintInfof","time":"2018-08-30T15:13:18+02:00"}
{"level":"warning","msg":"TestPrintWarnf","time":"2018-08-30T15:13:18+02:00"}
{"level":"error","msg":"TestPrintErrorf","time":"2018-08-30T15:13:18+02:00"}
{"level":"info","msg":"TestInfof","time":"2018-08-30T15:13:18+02:00"}
{"level":"warning","msg":"TestWarnf","time":"2018-08-30T15:13:18+02:00"}
{"level":"error","msg":"TestErrorf","time":"2018-08-30T15:13:18+02:00"}
{"level":"info","msg":"TestDonef","time":"2018-08-30T15:13:18+02:00"}
{"level":"error","msg":"TestFailf","time":"2018-08-30T15:13:18+02:00"}
{"context-0":"SomeContext","level":"info","msg":"TestWith","time":"2018-08-30T15:13:18+02:00"}
{"context-0":"TestContext","level":"info","msg":"TestWithContextf","time":"2018-08-30T15:13:18+02:00"}
{"level":"panic","msg":"TestPanic","time":"2018-08-30T15:13:18+02:00"}
{"level":"panic","msg":"TestPanicf","time":"2018-08-30T15:13:18+02:00"}
{"level":"panic","msg":"TestPrintPanic","time":"2018-08-30T15:13:18+02:00"}
{"level":"panic","msg":"TestPrintfPanic","time":"2018-08-30T15:13:18+02:00"}
{"level":"info","msg":"TestPrintInfo","time":"2018-08-30T15:22:24+02:00"}
{"level":"warning","msg":"TestPrintWarn","time":"2018-08-30T15:22:24+02:00"}
{"level":"error","msg":"TestPrintError","time":"2018-08-30T15:22:24+02:00"}
{"level":"info","msg":"TestInfo","time":"2018-08-30T15:22:24+02:00"}
{"level":"warning","msg":"TestWarn","time":"2018-08-30T15:22:24+02:00"}
{"level":"error","msg":"TestError","time":"2018-08-30T15:22:24+02:00"}
{"level":"info","msg":"TestDone","time":"2018-08-30T15:22:24+02:00"}
{"level":"error","msg":"TestFail","time":"2018-08-30T15:22:24+02:00"}
{"level":"info","msg":"TestPrintInfof","time":"2018-08-30T15:22:24+02:00"}
{"level":"warning","msg":"TestPrintWarnf","time":"2018-08-30T15:22:24+02:00"}
{"level":"error","msg":"TestPrintErrorf","time":"2018-08-30T15:22:24+02:00"}
{"level":"info","msg":"TestInfof","time":"2018-08-30T15:22:24+02:00"}
{"level":"warning","msg":"TestWarnf","time":"2018-08-30T15:22:24+02:00"}
{"level":"error","msg":"TestErrorf","time":"2018-08-30T15:22:24+02:00"}
{"level":"info","msg":"TestDonef","time":"2018-08-30T15:22:24+02:00"}
{"level":"error","msg":"TestFailf","time":"2018-08-30T15:22:24+02:00"}
{"context-0":"TestContext","level":"info","msg":"TestWithContextf","time":"2018-08-30T15:22:24+02:00"}
{"context-0":"SomeContext","level":"info","msg":"TestWithInfo","time":"2018-08-30T15:22:24+02:00"}
{"context-0":"SomeContext","level":"warning","msg":"TestWithWarn","time":"2018-08-30T15:22:24+02:00"}
{"context-0":"SomeContext","level":"error","msg":"TestWithError","time":"2018-08-30T15:22:24+02:00"}
{"context-0":"SomeContext","level":"info","msg":"TestWithInfof","time":"2018-08-30T15:22:24+02:00"}
{"context-0":"SomeContext","level":"warning","msg":"TestWithWarnf","time":"2018-08-30T15:22:24+02:00"}
{"context-0":"SomeContext","level":"error","msg":"TestWithErrorf","time":"2018-08-30T15:22:24+02:00"}
{"context-0":"SomeContext","context-1":"MoreContext","level":"info","msg":"TestWithInfo","time":"2018-08-30T15:22:24+02:00"}
{"level":"panic","msg":"TestPanic","time":"2018-08-30T15:22:24+02:00"}
{"level":"panic","msg":"TestPanicf","time":"2018-08-30T15:22:24+02:00"}
{"level":"panic","msg":"TestPrintPanic","time":"2018-08-30T15:22:24+02:00"}
{"level":"panic","msg":"TestPrintfPanic","time":"2018-08-30T15:22:24+02:00"}
{"level":"info","msg":"TestPrintInfo","time":"2018-08-30T15:24:26+02:00"}
{"level":"warning","msg":"TestPrintWarn","time":"2018-08-30T15:24:26+02:00"}
{"level":"error","msg":"TestPrintError","time":"2018-08-30T15:24:26+02:00"}
{"level":"info","msg":"TestInfo","time":"2018-08-30T15:24:26+02:00"}
{"level":"warning","msg":"TestWarn","time":"2018-08-30T15:24:26+02:00"}
{"level":"error","msg":"TestError","time":"2018-08-30T15:24:26+02:00"}
{"level":"info","msg":"TestDone","time":"2018-08-30T15:24:26+02:00"}
{"level":"error","msg":"TestFail","time":"2018-08-30T15:24:26+02:00"}
{"level":"info","msg":"TestPrintInfof","time":"2018-08-30T15:24:26+02:00"}
{"level":"warning","msg":"TestPrintWarnf","time":"2018-08-30T15:24:26+02:00"}
{"level":"error","msg":"TestPrintErrorf","time":"2018-08-30T15:24:26+02:00"}
{"level":"info","msg":"TestInfof","time":"2018-08-30T15:24:26+02:00"}
{"level":"warning","msg":"TestWarnf","time":"2018-08-30T15:24:26+02:00"}
{"level":"error","msg":"TestErrorf","time":"2018-08-30T15:24:26+02:00"}
{"level":"info","msg":"TestDonef","time":"2018-08-30T15:24:26+02:00"}
{"level":"error","msg":"TestFailf","time":"2018-08-30T15:24:26+02:00"}
{"context-0":"TestContext","level":"info","msg":"TestWithContextf","time":"2018-08-30T15:24:26+02:00"}
{"context-0":"SomeContext","level":"info","msg":"TestWithInfo","time":"2018-08-30T15:24:26+02:00"}
{"context-0":"SomeContext","level":"warning","msg":"TestWithWarn","time":"2018-08-30T15:24:26+02:00"}
{"context-0":"SomeContext","level":"error","msg":"TestWithError","time":"2018-08-30T15:24:26+02:00"}
{"context-0":"SomeContext","level":"info","msg":"TestWithInfof","time":"2018-08-30T15:24:26+02:00"}
{"context-0":"SomeContext","level":"warning","msg":"TestWithWarnf","time":"2018-08-30T15:24:26+02:00"}
{"context-0":"SomeContext","level":"error","msg":"TestWithErrorf","time":"2018-08-30T15:24:26+02:00"}
{"context-0":"SomeContext","context-1":"MoreContext","level":"info","msg":"TestWithWithInfo","time":"2018-08-30T15:24:26+02:00"}
{"level":"info","msg":"TestPrintInfo","time":"2018-08-30T15:24:32+02:00"}
{"level":"warning","msg":"TestPrintWarn","time":"2018-08-30T15:24:32+02:00"}
{"level":"error","msg":"TestPrintError","time":"2018-08-30T15:24:32+02:00"}
{"level":"info","msg":"TestInfo","time":"2018-08-30T15:24:32+02:00"}
{"level":"warning","msg":"TestWarn","time":"2018-08-30T15:24:32+02:00"}
{"level":"error","msg":"TestError","time":"2018-08-30T15:24:32+02:00"}
{"level":"info","msg":"TestDone","time":"2018-08-30T15:24:32+02:00"}
{"level":"error","msg":"TestFail","time":"2018-08-30T15:24:32+02:00"}
{"level":"info","msg":"TestPrintInfof","time":"2018-08-30T15:24:32+02:00"}
{"level":"warning","msg":"TestPrintWarnf","time":"2018-08-30T15:24:32+02:00"}
{"level":"error","msg":"TestPrintErrorf","time":"2018-08-30T15:24:32+02:00"}
{"level":"info","msg":"TestInfof","time":"2018-08-30T15:24:32+02:00"}
{"level":"warning","msg":"TestWarnf","time":"2018-08-30T15:24:32+02:00"}
{"level":"error","msg":"TestErrorf","time":"2018-08-30T15:24:32+02:00"}
{"level":"info","msg":"TestDonef","time":"2018-08-30T15:24:32+02:00"}
{"level":"error","msg":"TestFailf","time":"2018-08-30T15:24:32+02:00"}
{"context-0":"TestContext","level":"info","msg":"TestWithContextf","time":"2018-08-30T15:24:32+02:00"}
{"context-0":"SomeContext","level":"info","msg":"TestWithInfo","time":"2018-08-30T15:24:32+02:00"}
{"context-0":"SomeContext","level":"warning","msg":"TestWithWarn","time":"2018-08-30T15:24:32+02:00"}
{"context-0":"SomeContext","level":"error","msg":"TestWithError","time":"2018-08-30T15:24:32+02:00"}
{"context-0":"SomeContext","level":"info","msg":"TestWithInfof","time":"2018-08-30T15:24:32+02:00"}
{"context-0":"SomeContext","level":"warning","msg":"TestWithWarnf","time":"2018-08-30T15:24:32+02:00"}
{"context-0":"SomeContext","level":"error","msg":"TestWithErrorf","time":"2018-08-30T15:24:32+02:00"}
{"context-0":"SomeContext","context-1":"MoreContext","level":"info","msg":"TestWithWithInfo","time":"2018-08-30T15:24:32+02:00"}
{"level":"panic","msg":"TestPanic","time":"2018-08-30T15:24:32+02:00"}
{"level":"panic","msg":"TestPanicf","time":"2018-08-30T15:24:32+02:00"}
{"level":"panic","msg":"TestPrintPanic","time":"2018-08-30T15:24:32+02:00"}
{"level":"panic","msg":"TestPrintfPanic","time":"2018-08-30T15:24:32+02:00"}
{"level":"info","msg":"TestPrintInfo","time":"2018-08-30T15:28:19+02:00"}
{"level":"warning","msg":"TestPrintWarn","time":"2018-08-30T15:28:19+02:00"}
{"level":"error","msg":"TestPrintError","time":"2018-08-30T15:28:19+02:00"}
{"level":"info","msg":"TestInfo","time":"2018-08-30T15:28:19+02:00"}
{"level":"warning","msg":"TestWarn","time":"2018-08-30T15:28:19+02:00"}
{"level":"error","msg":"TestError","time":"2018-08-30T15:28:19+02:00"}
{"level":"info","msg":"TestDone","time":"2018-08-30T15:28:19+02:00"}
{"level":"error","msg":"TestFail","time":"2018-08-30T15:28:19+02:00"}
{"level":"info","msg":"TestPrintInfof","time":"2018-08-30T15:28:19+02:00"}
{"level":"warning","msg":"TestPrintWarnf","time":"2018-08-30T15:28:19+02:00"}
{"level":"error","msg":"TestPrintErrorf","time":"2018-08-30T15:28:19+02:00"}
{"level":"info","msg":"TestInfof","time":"2018-08-30T15:28:19+02:00"}
{"level":"warning","msg":"TestWarnf","time":"2018-08-30T15:28:19+02:00"}
{"level":"error","msg":"TestErrorf","time":"2018-08-30T15:28:19+02:00"}
{"level":"info","msg":"TestDonef","time":"2018-08-30T15:28:19+02:00"}
{"level":"error","msg":"TestFailf","time":"2018-08-30T15:28:19+02:00"}
{"context-0":"TestContext","level":"info","msg":"TestWithContextf","time":"2018-08-30T15:28:19+02:00"}
{"context-0":"SomeContext","level":"info","msg":"TestWithInfo","time":"2018-08-30T15:28:19+02:00"}
{"context-0":"SomeContext","level":"warning","msg":"TestWithWarn","time":"2018-08-30T15:28:19+02:00"}
{"context-0":"SomeContext","level":"error","msg":"TestWithError","time":"2018-08-30T15:28:19+02:00"}
{"context-0":"SomeContext","level":"info","msg":"TestWithInfof","time":"2018-08-30T15:28:19+02:00"}
{"context-0":"SomeContext","level":"warning","msg":"TestWithWarnf","time":"2018-08-30T15:28:19+02:00"}
{"context-0":"SomeContext","level":"error","msg":"TestWithErrorf","time":"2018-08-30T15:28:19+02:00"}
{"context-0":"SomeContext","context-1":"MoreContext","level":"info","msg":"TestWithWithInfo","time":"2018-08-30T15:28:19+02:00"}
{"level":"info","msg":"TestPrintInfo","time":"2018-08-30T15:28:23+02:00"}
{"level":"warning","msg":"TestPrintWarn","time":"2018-08-30T15:28:23+02:00"}
{"level":"error","msg":"TestPrintError","time":"2018-08-30T15:28:23+02:00"}
{"level":"info","msg":"TestInfo","time":"2018-08-30T15:28:23+02:00"}
{"level":"warning","msg":"TestWarn","time":"2018-08-30T15:28:23+02:00"}
{"level":"error","msg":"TestError","time":"2018-08-30T15:28:23+02:00"}
{"level":"info","msg":"TestDone","time":"2018-08-30T15:28:23+02:00"}
{"level":"error","msg":"TestFail","time":"2018-08-30T15:28:23+02:00"}
{"level":"info","msg":"TestPrintInfof","time":"2018-08-30T15:28:23+02:00"}
{"level":"warning","msg":"TestPrintWarnf","time":"2018-08-30T15:28:23+02:00"}
{"level":"error","msg":"TestPrintErrorf","time":"2018-08-30T15:28:23+02:00"}
{"level":"info","msg":"TestInfof","time":"2018-08-30T15:28:23+02:00"}
{"level":"warning","msg":"TestWarnf","time":"2018-08-30T15:28:23+02:00"}
{"level":"error","msg":"TestErrorf","time":"2018-08-30T15:28:23+02:00"}
{"level":"info","msg":"TestDonef","time":"2018-08-30T15:28:23+02:00"}
{"level":"error","msg":"TestFailf","time":"2018-08-30T15:28:23+02:00"}
{"context-0":"TestContext","level":"info","msg":"TestWithContextf","time":"2018-08-30T15:28:23+02:00"}
{"context-0":"SomeContext","level":"info","msg":"TestWithInfo","time":"2018-08-30T15:28:23+02:00"}
{"context-0":"SomeContext","level":"warning","msg":"TestWithWarn","time":"2018-08-30T15:28:23+02:00"}
{"context-0":"SomeContext","level":"error","msg":"TestWithError","time":"2018-08-30T15:28:23+02:00"}
{"context-0":"SomeContext","level":"info","msg":"TestWithInfof","time":"2018-08-30T15:28:23+02:00"}
{"context-0":"SomeContext","level":"warning","msg":"TestWithWarnf","time":"2018-08-30T15:28:23+02:00"}
{"context-0":"SomeContext","level":"error","msg":"TestWithErrorf","time":"2018-08-30T15:28:23+02:00"}
{"context-0":"SomeContext","context-1":"MoreContext","level":"info","msg":"TestWithWithInfo","time":"2018-08-30T15:28:23+02:00"}
{"level":"panic","msg":"TestPanic","time":"2018-08-30T15:28:23+02:00"}
{"level":"panic","msg":"TestPanicf","time":"2018-08-30T15:28:23+02:00"}
{"level":"panic","msg":"TestPrintPanic","time":"2018-08-30T15:28:23+02:00"}
{"level":"panic","msg":"TestPrintfPanic","time":"2018-08-30T15:28:23+02:00"}
{"context-0":"Context","level":"panic","msg":"TestWithPrintPanic","time":"2018-08-30T15:30:14+02:00"}
{"level":"info","msg":"TestPrintInfo","time":"2018-08-30T15:30:32+02:00"}
{"level":"warning","msg":"TestPrintWarn","time":"2018-08-30T15:30:32+02:00"}
{"level":"error","msg":"TestPrintError","time":"2018-08-30T15:30:32+02:00"}
{"level":"info","msg":"TestInfo","time":"2018-08-30T15:30:32+02:00"}
{"level":"warning","msg":"TestWarn","time":"2018-08-30T15:30:32+02:00"}
{"level":"error","msg":"TestError","time":"2018-08-30T15:30:32+02:00"}
{"level":"info","msg":"TestDone","time":"2018-08-30T15:30:32+02:00"}
{"level":"error","msg":"TestFail","time":"2018-08-30T15:30:32+02:00"}
{"level":"info","msg":"TestPrintInfof","time":"2018-08-30T15:30:32+02:00"}
{"level":"warning","msg":"TestPrintWarnf","time":"2018-08-30T15:30:32+02:00"}
{"level":"error","msg":"TestPrintErrorf","time":"2018-08-30T15:30:32+02:00"}
{"level":"info","msg":"TestInfof","time":"2018-08-30T15:30:32+02:00"}
{"level":"warning","msg":"TestWarnf","time":"2018-08-30T15:30:32+02:00"}
{"level":"error","msg":"TestErrorf","time":"2018-08-30T15:30:32+02:00"}
{"level":"info","msg":"TestDonef","time":"2018-08-30T15:30:32+02:00"}
{"level":"error","msg":"TestFailf","time":"2018-08-30T15:30:32+02:00"}
{"context-0":"TestContext","level":"info","msg":"TestWithContextf","time":"2018-08-30T15:30:32+02:00"}
{"context-0":"SomeContext","level":"info","msg":"TestWithInfo","time":"2018-08-30T15:30:32+02:00"}
{"context-0":"SomeContext","level":"warning","msg":"TestWithWarn","time":"2018-08-30T15:30:32+02:00"}
{"context-0":"SomeContext","level":"error","msg":"TestWithError","time":"2018-08-30T15:30:32+02:00"}
{"context-0":"SomeContext","level":"info","msg":"TestWithInfof","time":"2018-08-30T15:30:32+02:00"}
{"context-0":"SomeContext","level":"warning","msg":"TestWithWarnf","time":"2018-08-30T15:30:32+02:00"}
{"context-0":"SomeContext","level":"error","msg":"TestWithErrorf","time":"2018-08-30T15:30:32+02:00"}
{"context-0":"SomeContext","context-1":"MoreContext","level":"info","msg":"TestWithWithInfo","time":"2018-08-30T15:30:32+02:00"}
{"level":"panic","msg":"TestPanic","time":"2018-08-30T15:30:32+02:00"}
{"level":"panic","msg":"TestPanicf","time":"2018-08-30T15:30:32+02:00"}
{"level":"panic","msg":"TestPrintPanic","time":"2018-08-30T15:30:32+02:00"}
{"level":"panic","msg":"TestPrintfPanic","time":"2018-08-30T15:30:32+02:00"}
{"context-0":"Context","level":"panic","msg":"TestWithPrintPanic","time":"2018-08-30T15:30:32+02:00"}
{"context-0":"Context","level":"panic","msg":"TestWithPrintfPanic","time":"2018-08-30T15:30:32+02:00"}
{"level":"info","msg":"TestInfoBetweenWaits","time":"2018-08-30T15:30:32+02:00"}
